<?xml version="1.0" encoding="UTF-8"?>
<testsuite name="hello.core.lifecycle.BeanLifeCycleTest" tests="1" skipped="0" failures="0" errors="0" timestamp="2021-09-14T02:32:26" hostname="anhyeonjuui-MacBookPro.local" time="0.472">
  <properties/>
  <testcase name="lifeCycleTest()" classname="hello.core.lifecycle.BeanLifeCycleTest" time="0.472"/>
  <system-out><![CDATA[11:32:27.058 [Test worker] DEBUG org.springframework.context.annotation.AnnotationConfigApplicationContext - Refreshing org.springframework.context.annotation.AnnotationConfigApplicationContext@3c3f2e15
11:32:27.078 [Test worker] DEBUG org.springframework.beans.factory.support.DefaultListableBeanFactory - Creating shared instance of singleton bean 'org.springframework.context.annotation.internalConfigurationAnnotationProcessor'
11:32:27.206 [Test worker] DEBUG org.springframework.beans.factory.support.DefaultListableBeanFactory - Creating shared instance of singleton bean 'org.springframework.context.event.internalEventListenerProcessor'
11:32:27.209 [Test worker] DEBUG org.springframework.beans.factory.support.DefaultListableBeanFactory - Creating shared instance of singleton bean 'org.springframework.context.event.internalEventListenerFactory'
11:32:27.212 [Test worker] DEBUG org.springframework.beans.factory.support.DefaultListableBeanFactory - Creating shared instance of singleton bean 'org.springframework.context.annotation.internalAutowiredAnnotationProcessor'
11:32:27.213 [Test worker] DEBUG org.springframework.beans.factory.support.DefaultListableBeanFactory - Creating shared instance of singleton bean 'org.springframework.context.annotation.internalCommonAnnotationProcessor'
11:32:27.224 [Test worker] DEBUG org.springframework.beans.factory.support.DefaultListableBeanFactory - Creating shared instance of singleton bean 'beanLifeCycleTest.LifeCycleConfig'
11:32:27.232 [Test worker] DEBUG org.springframework.beans.factory.support.DefaultListableBeanFactory - Creating shared instance of singleton bean 'networkClient'
생성자 호출, url = null
connect: null
call: null message: 초기화 연결 메세지
NetworkClient.afterPropertiesSet
connect: http://hello-spring.dev
call: http://hello-spring.dev message: 초기화 연결 메세지
11:32:27.344 [Test worker] DEBUG org.springframework.context.annotation.AnnotationConfigApplicationContext - Closing org.springframework.context.annotation.AnnotationConfigApplicationContext@3c3f2e15, started on Tue Sep 14 11:32:27 KST 2021
NetworkClient.destroy
close: http://hello-spring.dev
]]></system-out>
  <system-err><![CDATA[]]></system-err>
</testsuite>
